-------------------------------------------------------------------------------
Test set: com.example.demo.DemoApplicationTests
-------------------------------------------------------------------------------
Tests run: 1, Failures: 0, Errors: 1, Skipped: 0, Time elapsed: 5.163 s <<< FAILURE! - in com.example.demo.DemoApplicationTests
contextLoads  Time elapsed: 0.002 s  <<< ERROR!
java.lang.IllegalStateException: Failed to load ApplicationContext
Caused by: org.springframework.beans.factory.UnsatisfiedDependencyException: Error creating bean with name 'empresaController': Unsatisfied dependency expressed through field 'empresaService'; nested exception is org.springframework.beans.factory.UnsatisfiedDependencyException: Error creating bean with name 'empresaServiceImpl': Unsatisfied dependency expressed through field 'empresaRepository'; nested exception is org.springframework.beans.factory.BeanCreationException: Error creating bean with name 'empresaRepository' defined in com.example.demo.repository.EmpresaRepository defined in @EnableJpaRepositories declared on JpaRepositoriesRegistrar.EnableJpaRepositoriesConfiguration: Invocation of init method failed; nested exception is org.springframework.data.repository.query.QueryCreationException: Could not create query for public abstract java.util.Optional com.example.demo.repository.EmpresaRepository.findByCnpjEmpresa(java.lang.String); Reason: Validation failed for query for method public abstract java.util.Optional com.example.demo.repository.EmpresaRepository.findByCnpjEmpresa(java.lang.String)!; nested exception is java.lang.IllegalArgumentException: Validation failed for query for method public abstract java.util.Optional com.example.demo.repository.EmpresaRepository.findByCnpjEmpresa(java.lang.String)!
Caused by: org.springframework.beans.factory.UnsatisfiedDependencyException: Error creating bean with name 'empresaServiceImpl': Unsatisfied dependency expressed through field 'empresaRepository'; nested exception is org.springframework.beans.factory.BeanCreationException: Error creating bean with name 'empresaRepository' defined in com.example.demo.repository.EmpresaRepository defined in @EnableJpaRepositories declared on JpaRepositoriesRegistrar.EnableJpaRepositoriesConfiguration: Invocation of init method failed; nested exception is org.springframework.data.repository.query.QueryCreationException: Could not create query for public abstract java.util.Optional com.example.demo.repository.EmpresaRepository.findByCnpjEmpresa(java.lang.String); Reason: Validation failed for query for method public abstract java.util.Optional com.example.demo.repository.EmpresaRepository.findByCnpjEmpresa(java.lang.String)!; nested exception is java.lang.IllegalArgumentException: Validation failed for query for method public abstract java.util.Optional com.example.demo.repository.EmpresaRepository.findByCnpjEmpresa(java.lang.String)!
Caused by: org.springframework.beans.factory.BeanCreationException: Error creating bean with name 'empresaRepository' defined in com.example.demo.repository.EmpresaRepository defined in @EnableJpaRepositories declared on JpaRepositoriesRegistrar.EnableJpaRepositoriesConfiguration: Invocation of init method failed; nested exception is org.springframework.data.repository.query.QueryCreationException: Could not create query for public abstract java.util.Optional com.example.demo.repository.EmpresaRepository.findByCnpjEmpresa(java.lang.String); Reason: Validation failed for query for method public abstract java.util.Optional com.example.demo.repository.EmpresaRepository.findByCnpjEmpresa(java.lang.String)!; nested exception is java.lang.IllegalArgumentException: Validation failed for query for method public abstract java.util.Optional com.example.demo.repository.EmpresaRepository.findByCnpjEmpresa(java.lang.String)!
Caused by: org.springframework.data.repository.query.QueryCreationException: Could not create query for public abstract java.util.Optional com.example.demo.repository.EmpresaRepository.findByCnpjEmpresa(java.lang.String); Reason: Validation failed for query for method public abstract java.util.Optional com.example.demo.repository.EmpresaRepository.findByCnpjEmpresa(java.lang.String)!; nested exception is java.lang.IllegalArgumentException: Validation failed for query for method public abstract java.util.Optional com.example.demo.repository.EmpresaRepository.findByCnpjEmpresa(java.lang.String)!
Caused by: java.lang.IllegalArgumentException: Validation failed for query for method public abstract java.util.Optional com.example.demo.repository.EmpresaRepository.findByCnpjEmpresa(java.lang.String)!
Caused by: java.lang.IllegalArgumentException: org.hibernate.hql.internal.ast.QuerySyntaxException: empresa is not mapped [SELECT cnpj_empresa, senha_empresa FROM empresa]
Caused by: org.hibernate.hql.internal.ast.QuerySyntaxException: empresa is not mapped [SELECT cnpj_empresa, senha_empresa FROM empresa]
Caused by: org.hibernate.hql.internal.ast.QuerySyntaxException: empresa is not mapped

